Performing C SOURCE FILE Test proc_found_avx512 failed with the following compile output:
Change Dir: /home/sneha/scarab/src/build/opt/CMakeFiles/CMakeTmp

Run Build Command(s):/usr/bin/make cmTC_ea8f9/fast && make[1]: Entering directory '/home/sneha/scarab/src/build/opt/CMakeFiles/CMakeTmp'
/usr/bin/make -f CMakeFiles/cmTC_ea8f9.dir/build.make CMakeFiles/cmTC_ea8f9.dir/build
make[2]: Entering directory '/home/sneha/scarab/src/build/opt/CMakeFiles/CMakeTmp'
Building C object CMakeFiles/cmTC_ea8f9.dir/src.c.o
/usr/bin/gcc   -Dproc_found_avx512 -mavx512f   -o CMakeFiles/cmTC_ea8f9.dir/src.c.o   -c /home/sneha/scarab/src/build/opt/CMakeFiles/CMakeTmp/src.c
Linking C executable cmTC_ea8f9
/usr/bin/cmake -E cmake_link_script CMakeFiles/cmTC_ea8f9.dir/link.txt --verbose=1
/usr/bin/gcc   -Dproc_found_avx512 -mavx512f    CMakeFiles/cmTC_ea8f9.dir/src.c.o  -o cmTC_ea8f9 
make[2]: Leaving directory '/home/sneha/scarab/src/build/opt/CMakeFiles/CMakeTmp'
make[1]: Leaving directory '/home/sneha/scarab/src/build/opt/CMakeFiles/CMakeTmp'


...and run output:
Illegal instruction
Return value: FAILED_TO_RUN
Source file was:
#include <immintrin.h>
                   int main() {
                     register __m512 zmm0 asm("zmm0");
                     (void)zmm0;
                     asm volatile("vmovdqu64 %zmm0, %zmm1");
                     return 0;
                   }
Determining size of bool failed with the following output:
Change Dir: /home/sneha/scarab/src/build/opt/CMakeFiles/CMakeTmp

Run Build Command(s):/usr/bin/make cmTC_91981/fast && make[1]: Entering directory '/home/sneha/scarab/src/build/opt/CMakeFiles/CMakeTmp'
/usr/bin/make -f CMakeFiles/cmTC_91981.dir/build.make CMakeFiles/cmTC_91981.dir/build
make[2]: Entering directory '/home/sneha/scarab/src/build/opt/CMakeFiles/CMakeTmp'
Building C object CMakeFiles/cmTC_91981.dir/DR_DO_NOT_DEFINE_bool.c.o
/usr/bin/gcc    -o CMakeFiles/cmTC_91981.dir/DR_DO_NOT_DEFINE_bool.c.o   -c /home/sneha/scarab/src/build/opt/CMakeFiles/CheckTypeSize/DR_DO_NOT_DEFINE_bool.c
/home/sneha/scarab/src/build/opt/CMakeFiles/CheckTypeSize/DR_DO_NOT_DEFINE_bool.c:23:22: error: 'bool' undeclared here (not in a function)
   23 | #define SIZE (sizeof(bool))
      |                      ^~~~
/home/sneha/scarab/src/build/opt/CMakeFiles/CheckTypeSize/DR_DO_NOT_DEFINE_bool.c:25:12: note: in expansion of macro 'SIZE'
   25 |   ('0' + ((SIZE / 10000)%10)),
      |            ^~~~
make[2]: *** [CMakeFiles/cmTC_91981.dir/build.make:66: CMakeFiles/cmTC_91981.dir/DR_DO_NOT_DEFINE_bool.c.o] Error 1
make[2]: Leaving directory '/home/sneha/scarab/src/build/opt/CMakeFiles/CMakeTmp'
make[1]: *** [Makefile:121: cmTC_91981/fast] Error 2
make[1]: Leaving directory '/home/sneha/scarab/src/build/opt/CMakeFiles/CMakeTmp'


/home/sneha/scarab/src/build/opt/CMakeFiles/CheckTypeSize/DR_DO_NOT_DEFINE_bool.c:
#include <sys/types.h>
#include <stdint.h>
#include <stddef.h>


#undef KEY
#if defined(__i386)
# define KEY '_','_','i','3','8','6'
#elif defined(__x86_64)
# define KEY '_','_','x','8','6','_','6','4'
#elif defined(__ppc__)
# define KEY '_','_','p','p','c','_','_'
#elif defined(__ppc64__)
# define KEY '_','_','p','p','c','6','4','_','_'
#elif defined(__aarch64__)
# define KEY '_','_','a','a','r','c','h','6','4','_','_'
#elif defined(__ARM_ARCH_7A__)
# define KEY '_','_','A','R','M','_','A','R','C','H','_','7','A','_','_'
#elif defined(__ARM_ARCH_7S__)
# define KEY '_','_','A','R','M','_','A','R','C','H','_','7','S','_','_'
#endif

#define SIZE (sizeof(bool))
static char info_size[] =  {'I', 'N', 'F', 'O', ':', 's','i','z','e','[',
  ('0' + ((SIZE / 10000)%10)),
  ('0' + ((SIZE / 1000)%10)),
  ('0' + ((SIZE / 100)%10)),
  ('0' + ((SIZE / 10)%10)),
  ('0' +  (SIZE    % 10)),
  ']',
#ifdef KEY
  ' ','k','e','y','[', KEY, ']',
#endif
  '\0'};

#ifdef __CLASSIC_C__
int main(argc, argv) int argc; char *argv[];
#else
int main(int argc, char *argv[])
#endif
{
  int require = 0;
  require += info_size[argc];
  (void)argv;
  return require;
}


Determining size of byte failed with the following output:
Change Dir: /home/sneha/scarab/src/build/opt/CMakeFiles/CMakeTmp

Run Build Command(s):/usr/bin/make cmTC_40d44/fast && make[1]: Entering directory '/home/sneha/scarab/src/build/opt/CMakeFiles/CMakeTmp'
/usr/bin/make -f CMakeFiles/cmTC_40d44.dir/build.make CMakeFiles/cmTC_40d44.dir/build
make[2]: Entering directory '/home/sneha/scarab/src/build/opt/CMakeFiles/CMakeTmp'
Building C object CMakeFiles/cmTC_40d44.dir/DR_DO_NOT_DEFINE_byte.c.o
/usr/bin/gcc    -o CMakeFiles/cmTC_40d44.dir/DR_DO_NOT_DEFINE_byte.c.o   -c /home/sneha/scarab/src/build/opt/CMakeFiles/CheckTypeSize/DR_DO_NOT_DEFINE_byte.c
/home/sneha/scarab/src/build/opt/CMakeFiles/CheckTypeSize/DR_DO_NOT_DEFINE_byte.c:23:22: error: 'byte' undeclared here (not in a function)
   23 | #define SIZE (sizeof(byte))
      |                      ^~~~
/home/sneha/scarab/src/build/opt/CMakeFiles/CheckTypeSize/DR_DO_NOT_DEFINE_byte.c:25:12: note: in expansion of macro 'SIZE'
   25 |   ('0' + ((SIZE / 10000)%10)),
      |            ^~~~
make[2]: *** [CMakeFiles/cmTC_40d44.dir/build.make:66: CMakeFiles/cmTC_40d44.dir/DR_DO_NOT_DEFINE_byte.c.o] Error 1
make[2]: Leaving directory '/home/sneha/scarab/src/build/opt/CMakeFiles/CMakeTmp'
make[1]: *** [Makefile:121: cmTC_40d44/fast] Error 2
make[1]: Leaving directory '/home/sneha/scarab/src/build/opt/CMakeFiles/CMakeTmp'


/home/sneha/scarab/src/build/opt/CMakeFiles/CheckTypeSize/DR_DO_NOT_DEFINE_byte.c:
#include <sys/types.h>
#include <stdint.h>
#include <stddef.h>


#undef KEY
#if defined(__i386)
# define KEY '_','_','i','3','8','6'
#elif defined(__x86_64)
# define KEY '_','_','x','8','6','_','6','4'
#elif defined(__ppc__)
# define KEY '_','_','p','p','c','_','_'
#elif defined(__ppc64__)
# define KEY '_','_','p','p','c','6','4','_','_'
#elif defined(__aarch64__)
# define KEY '_','_','a','a','r','c','h','6','4','_','_'
#elif defined(__ARM_ARCH_7A__)
# define KEY '_','_','A','R','M','_','A','R','C','H','_','7','A','_','_'
#elif defined(__ARM_ARCH_7S__)
# define KEY '_','_','A','R','M','_','A','R','C','H','_','7','S','_','_'
#endif

#define SIZE (sizeof(byte))
static char info_size[] =  {'I', 'N', 'F', 'O', ':', 's','i','z','e','[',
  ('0' + ((SIZE / 10000)%10)),
  ('0' + ((SIZE / 1000)%10)),
  ('0' + ((SIZE / 100)%10)),
  ('0' + ((SIZE / 10)%10)),
  ('0' +  (SIZE    % 10)),
  ']',
#ifdef KEY
  ' ','k','e','y','[', KEY, ']',
#endif
  '\0'};

#ifdef __CLASSIC_C__
int main(argc, argv) int argc; char *argv[];
#else
int main(int argc, char *argv[])
#endif
{
  int require = 0;
  require += info_size[argc];
  (void)argv;
  return require;
}


Determining size of sbyte failed with the following output:
Change Dir: /home/sneha/scarab/src/build/opt/CMakeFiles/CMakeTmp

Run Build Command(s):/usr/bin/make cmTC_6aa71/fast && make[1]: Entering directory '/home/sneha/scarab/src/build/opt/CMakeFiles/CMakeTmp'
/usr/bin/make -f CMakeFiles/cmTC_6aa71.dir/build.make CMakeFiles/cmTC_6aa71.dir/build
make[2]: Entering directory '/home/sneha/scarab/src/build/opt/CMakeFiles/CMakeTmp'
Building C object CMakeFiles/cmTC_6aa71.dir/DR_DO_NOT_DEFINE_sbyte.c.o
/usr/bin/gcc    -o CMakeFiles/cmTC_6aa71.dir/DR_DO_NOT_DEFINE_sbyte.c.o   -c /home/sneha/scarab/src/build/opt/CMakeFiles/CheckTypeSize/DR_DO_NOT_DEFINE_sbyte.c
/home/sneha/scarab/src/build/opt/CMakeFiles/CheckTypeSize/DR_DO_NOT_DEFINE_sbyte.c:23:22: error: 'sbyte' undeclared here (not in a function)
   23 | #define SIZE (sizeof(sbyte))
      |                      ^~~~~
/home/sneha/scarab/src/build/opt/CMakeFiles/CheckTypeSize/DR_DO_NOT_DEFINE_sbyte.c:25:12: note: in expansion of macro 'SIZE'
   25 |   ('0' + ((SIZE / 10000)%10)),
      |            ^~~~
make[2]: *** [CMakeFiles/cmTC_6aa71.dir/build.make:66: CMakeFiles/cmTC_6aa71.dir/DR_DO_NOT_DEFINE_sbyte.c.o] Error 1
make[2]: Leaving directory '/home/sneha/scarab/src/build/opt/CMakeFiles/CMakeTmp'
make[1]: *** [Makefile:121: cmTC_6aa71/fast] Error 2
make[1]: Leaving directory '/home/sneha/scarab/src/build/opt/CMakeFiles/CMakeTmp'


/home/sneha/scarab/src/build/opt/CMakeFiles/CheckTypeSize/DR_DO_NOT_DEFINE_sbyte.c:
#include <sys/types.h>
#include <stdint.h>
#include <stddef.h>


#undef KEY
#if defined(__i386)
# define KEY '_','_','i','3','8','6'
#elif defined(__x86_64)
# define KEY '_','_','x','8','6','_','6','4'
#elif defined(__ppc__)
# define KEY '_','_','p','p','c','_','_'
#elif defined(__ppc64__)
# define KEY '_','_','p','p','c','6','4','_','_'
#elif defined(__aarch64__)
# define KEY '_','_','a','a','r','c','h','6','4','_','_'
#elif defined(__ARM_ARCH_7A__)
# define KEY '_','_','A','R','M','_','A','R','C','H','_','7','A','_','_'
#elif defined(__ARM_ARCH_7S__)
# define KEY '_','_','A','R','M','_','A','R','C','H','_','7','S','_','_'
#endif

#define SIZE (sizeof(sbyte))
static char info_size[] =  {'I', 'N', 'F', 'O', ':', 's','i','z','e','[',
  ('0' + ((SIZE / 10000)%10)),
  ('0' + ((SIZE / 1000)%10)),
  ('0' + ((SIZE / 100)%10)),
  ('0' + ((SIZE / 10)%10)),
  ('0' +  (SIZE    % 10)),
  ']',
#ifdef KEY
  ' ','k','e','y','[', KEY, ']',
#endif
  '\0'};

#ifdef __CLASSIC_C__
int main(argc, argv) int argc; char *argv[];
#else
int main(int argc, char *argv[])
#endif
{
  int require = 0;
  require += info_size[argc];
  (void)argv;
  return require;
}


Determining size of uint32 failed with the following output:
Change Dir: /home/sneha/scarab/src/build/opt/CMakeFiles/CMakeTmp

Run Build Command(s):/usr/bin/make cmTC_afc32/fast && make[1]: Entering directory '/home/sneha/scarab/src/build/opt/CMakeFiles/CMakeTmp'
/usr/bin/make -f CMakeFiles/cmTC_afc32.dir/build.make CMakeFiles/cmTC_afc32.dir/build
make[2]: Entering directory '/home/sneha/scarab/src/build/opt/CMakeFiles/CMakeTmp'
Building C object CMakeFiles/cmTC_afc32.dir/DR_DO_NOT_DEFINE_uint32.c.o
/usr/bin/gcc    -o CMakeFiles/cmTC_afc32.dir/DR_DO_NOT_DEFINE_uint32.c.o   -c /home/sneha/scarab/src/build/opt/CMakeFiles/CheckTypeSize/DR_DO_NOT_DEFINE_uint32.c
/home/sneha/scarab/src/build/opt/CMakeFiles/CheckTypeSize/DR_DO_NOT_DEFINE_uint32.c:23:22: error: 'uint32' undeclared here (not in a function); did you mean 'uint32_t'?
   23 | #define SIZE (sizeof(uint32))
      |                      ^~~~~~
/home/sneha/scarab/src/build/opt/CMakeFiles/CheckTypeSize/DR_DO_NOT_DEFINE_uint32.c:25:12: note: in expansion of macro 'SIZE'
   25 |   ('0' + ((SIZE / 10000)%10)),
      |            ^~~~
make[2]: *** [CMakeFiles/cmTC_afc32.dir/build.make:66: CMakeFiles/cmTC_afc32.dir/DR_DO_NOT_DEFINE_uint32.c.o] Error 1
make[2]: Leaving directory '/home/sneha/scarab/src/build/opt/CMakeFiles/CMakeTmp'
make[1]: *** [Makefile:121: cmTC_afc32/fast] Error 2
make[1]: Leaving directory '/home/sneha/scarab/src/build/opt/CMakeFiles/CMakeTmp'


/home/sneha/scarab/src/build/opt/CMakeFiles/CheckTypeSize/DR_DO_NOT_DEFINE_uint32.c:
#include <sys/types.h>
#include <stdint.h>
#include <stddef.h>


#undef KEY
#if defined(__i386)
# define KEY '_','_','i','3','8','6'
#elif defined(__x86_64)
# define KEY '_','_','x','8','6','_','6','4'
#elif defined(__ppc__)
# define KEY '_','_','p','p','c','_','_'
#elif defined(__ppc64__)
# define KEY '_','_','p','p','c','6','4','_','_'
#elif defined(__aarch64__)
# define KEY '_','_','a','a','r','c','h','6','4','_','_'
#elif defined(__ARM_ARCH_7A__)
# define KEY '_','_','A','R','M','_','A','R','C','H','_','7','A','_','_'
#elif defined(__ARM_ARCH_7S__)
# define KEY '_','_','A','R','M','_','A','R','C','H','_','7','S','_','_'
#endif

#define SIZE (sizeof(uint32))
static char info_size[] =  {'I', 'N', 'F', 'O', ':', 's','i','z','e','[',
  ('0' + ((SIZE / 10000)%10)),
  ('0' + ((SIZE / 1000)%10)),
  ('0' + ((SIZE / 100)%10)),
  ('0' + ((SIZE / 10)%10)),
  ('0' +  (SIZE    % 10)),
  ']',
#ifdef KEY
  ' ','k','e','y','[', KEY, ']',
#endif
  '\0'};

#ifdef __CLASSIC_C__
int main(argc, argv) int argc; char *argv[];
#else
int main(int argc, char *argv[])
#endif
{
  int require = 0;
  require += info_size[argc];
  (void)argv;
  return require;
}


Determining size of uint64 failed with the following output:
Change Dir: /home/sneha/scarab/src/build/opt/CMakeFiles/CMakeTmp

Run Build Command(s):/usr/bin/make cmTC_1987a/fast && make[1]: Entering directory '/home/sneha/scarab/src/build/opt/CMakeFiles/CMakeTmp'
/usr/bin/make -f CMakeFiles/cmTC_1987a.dir/build.make CMakeFiles/cmTC_1987a.dir/build
make[2]: Entering directory '/home/sneha/scarab/src/build/opt/CMakeFiles/CMakeTmp'
Building C object CMakeFiles/cmTC_1987a.dir/DR_DO_NOT_DEFINE_uint64.c.o
/usr/bin/gcc    -o CMakeFiles/cmTC_1987a.dir/DR_DO_NOT_DEFINE_uint64.c.o   -c /home/sneha/scarab/src/build/opt/CMakeFiles/CheckTypeSize/DR_DO_NOT_DEFINE_uint64.c
/home/sneha/scarab/src/build/opt/CMakeFiles/CheckTypeSize/DR_DO_NOT_DEFINE_uint64.c:23:22: error: 'uint64' undeclared here (not in a function); did you mean 'uint64_t'?
   23 | #define SIZE (sizeof(uint64))
      |                      ^~~~~~
/home/sneha/scarab/src/build/opt/CMakeFiles/CheckTypeSize/DR_DO_NOT_DEFINE_uint64.c:25:12: note: in expansion of macro 'SIZE'
   25 |   ('0' + ((SIZE / 10000)%10)),
      |            ^~~~
make[2]: *** [CMakeFiles/cmTC_1987a.dir/build.make:66: CMakeFiles/cmTC_1987a.dir/DR_DO_NOT_DEFINE_uint64.c.o] Error 1
make[2]: Leaving directory '/home/sneha/scarab/src/build/opt/CMakeFiles/CMakeTmp'
make[1]: *** [Makefile:121: cmTC_1987a/fast] Error 2
make[1]: Leaving directory '/home/sneha/scarab/src/build/opt/CMakeFiles/CMakeTmp'


/home/sneha/scarab/src/build/opt/CMakeFiles/CheckTypeSize/DR_DO_NOT_DEFINE_uint64.c:
#include <sys/types.h>
#include <stdint.h>
#include <stddef.h>


#undef KEY
#if defined(__i386)
# define KEY '_','_','i','3','8','6'
#elif defined(__x86_64)
# define KEY '_','_','x','8','6','_','6','4'
#elif defined(__ppc__)
# define KEY '_','_','p','p','c','_','_'
#elif defined(__ppc64__)
# define KEY '_','_','p','p','c','6','4','_','_'
#elif defined(__aarch64__)
# define KEY '_','_','a','a','r','c','h','6','4','_','_'
#elif defined(__ARM_ARCH_7A__)
# define KEY '_','_','A','R','M','_','A','R','C','H','_','7','A','_','_'
#elif defined(__ARM_ARCH_7S__)
# define KEY '_','_','A','R','M','_','A','R','C','H','_','7','S','_','_'
#endif

#define SIZE (sizeof(uint64))
static char info_size[] =  {'I', 'N', 'F', 'O', ':', 's','i','z','e','[',
  ('0' + ((SIZE / 10000)%10)),
  ('0' + ((SIZE / 1000)%10)),
  ('0' + ((SIZE / 100)%10)),
  ('0' + ((SIZE / 10)%10)),
  ('0' +  (SIZE    % 10)),
  ']',
#ifdef KEY
  ' ','k','e','y','[', KEY, ']',
#endif
  '\0'};

#ifdef __CLASSIC_C__
int main(argc, argv) int argc; char *argv[];
#else
int main(int argc, char *argv[])
#endif
{
  int require = 0;
  require += info_size[argc];
  (void)argv;
  return require;
}


Determining size of int32 failed with the following output:
Change Dir: /home/sneha/scarab/src/build/opt/CMakeFiles/CMakeTmp

Run Build Command(s):/usr/bin/make cmTC_bdee8/fast && make[1]: Entering directory '/home/sneha/scarab/src/build/opt/CMakeFiles/CMakeTmp'
/usr/bin/make -f CMakeFiles/cmTC_bdee8.dir/build.make CMakeFiles/cmTC_bdee8.dir/build
make[2]: Entering directory '/home/sneha/scarab/src/build/opt/CMakeFiles/CMakeTmp'
Building C object CMakeFiles/cmTC_bdee8.dir/DR_DO_NOT_DEFINE_int32.c.o
/usr/bin/gcc    -o CMakeFiles/cmTC_bdee8.dir/DR_DO_NOT_DEFINE_int32.c.o   -c /home/sneha/scarab/src/build/opt/CMakeFiles/CheckTypeSize/DR_DO_NOT_DEFINE_int32.c
/home/sneha/scarab/src/build/opt/CMakeFiles/CheckTypeSize/DR_DO_NOT_DEFINE_int32.c:23:22: error: 'int32' undeclared here (not in a function); did you mean 'int32_t'?
   23 | #define SIZE (sizeof(int32))
      |                      ^~~~~
/home/sneha/scarab/src/build/opt/CMakeFiles/CheckTypeSize/DR_DO_NOT_DEFINE_int32.c:25:12: note: in expansion of macro 'SIZE'
   25 |   ('0' + ((SIZE / 10000)%10)),
      |            ^~~~
make[2]: *** [CMakeFiles/cmTC_bdee8.dir/build.make:66: CMakeFiles/cmTC_bdee8.dir/DR_DO_NOT_DEFINE_int32.c.o] Error 1
make[2]: Leaving directory '/home/sneha/scarab/src/build/opt/CMakeFiles/CMakeTmp'
make[1]: *** [Makefile:121: cmTC_bdee8/fast] Error 2
make[1]: Leaving directory '/home/sneha/scarab/src/build/opt/CMakeFiles/CMakeTmp'


/home/sneha/scarab/src/build/opt/CMakeFiles/CheckTypeSize/DR_DO_NOT_DEFINE_int32.c:
#include <sys/types.h>
#include <stdint.h>
#include <stddef.h>


#undef KEY
#if defined(__i386)
# define KEY '_','_','i','3','8','6'
#elif defined(__x86_64)
# define KEY '_','_','x','8','6','_','6','4'
#elif defined(__ppc__)
# define KEY '_','_','p','p','c','_','_'
#elif defined(__ppc64__)
# define KEY '_','_','p','p','c','6','4','_','_'
#elif defined(__aarch64__)
# define KEY '_','_','a','a','r','c','h','6','4','_','_'
#elif defined(__ARM_ARCH_7A__)
# define KEY '_','_','A','R','M','_','A','R','C','H','_','7','A','_','_'
#elif defined(__ARM_ARCH_7S__)
# define KEY '_','_','A','R','M','_','A','R','C','H','_','7','S','_','_'
#endif

#define SIZE (sizeof(int32))
static char info_size[] =  {'I', 'N', 'F', 'O', ':', 's','i','z','e','[',
  ('0' + ((SIZE / 10000)%10)),
  ('0' + ((SIZE / 1000)%10)),
  ('0' + ((SIZE / 100)%10)),
  ('0' + ((SIZE / 10)%10)),
  ('0' +  (SIZE    % 10)),
  ']',
#ifdef KEY
  ' ','k','e','y','[', KEY, ']',
#endif
  '\0'};

#ifdef __CLASSIC_C__
int main(argc, argv) int argc; char *argv[];
#else
int main(int argc, char *argv[])
#endif
{
  int require = 0;
  require += info_size[argc];
  (void)argv;
  return require;
}


Determining size of int64 failed with the following output:
Change Dir: /home/sneha/scarab/src/build/opt/CMakeFiles/CMakeTmp

Run Build Command(s):/usr/bin/make cmTC_71bc2/fast && make[1]: Entering directory '/home/sneha/scarab/src/build/opt/CMakeFiles/CMakeTmp'
/usr/bin/make -f CMakeFiles/cmTC_71bc2.dir/build.make CMakeFiles/cmTC_71bc2.dir/build
make[2]: Entering directory '/home/sneha/scarab/src/build/opt/CMakeFiles/CMakeTmp'
Building C object CMakeFiles/cmTC_71bc2.dir/DR_DO_NOT_DEFINE_int64.c.o
/usr/bin/gcc    -o CMakeFiles/cmTC_71bc2.dir/DR_DO_NOT_DEFINE_int64.c.o   -c /home/sneha/scarab/src/build/opt/CMakeFiles/CheckTypeSize/DR_DO_NOT_DEFINE_int64.c
/home/sneha/scarab/src/build/opt/CMakeFiles/CheckTypeSize/DR_DO_NOT_DEFINE_int64.c:23:22: error: 'int64' undeclared here (not in a function); did you mean 'int64_t'?
   23 | #define SIZE (sizeof(int64))
      |                      ^~~~~
/home/sneha/scarab/src/build/opt/CMakeFiles/CheckTypeSize/DR_DO_NOT_DEFINE_int64.c:25:12: note: in expansion of macro 'SIZE'
   25 |   ('0' + ((SIZE / 10000)%10)),
      |            ^~~~
make[2]: *** [CMakeFiles/cmTC_71bc2.dir/build.make:66: CMakeFiles/cmTC_71bc2.dir/DR_DO_NOT_DEFINE_int64.c.o] Error 1
make[2]: Leaving directory '/home/sneha/scarab/src/build/opt/CMakeFiles/CMakeTmp'
make[1]: *** [Makefile:121: cmTC_71bc2/fast] Error 2
make[1]: Leaving directory '/home/sneha/scarab/src/build/opt/CMakeFiles/CMakeTmp'


/home/sneha/scarab/src/build/opt/CMakeFiles/CheckTypeSize/DR_DO_NOT_DEFINE_int64.c:
#include <sys/types.h>
#include <stdint.h>
#include <stddef.h>


#undef KEY
#if defined(__i386)
# define KEY '_','_','i','3','8','6'
#elif defined(__x86_64)
# define KEY '_','_','x','8','6','_','6','4'
#elif defined(__ppc__)
# define KEY '_','_','p','p','c','_','_'
#elif defined(__ppc64__)
# define KEY '_','_','p','p','c','6','4','_','_'
#elif defined(__aarch64__)
# define KEY '_','_','a','a','r','c','h','6','4','_','_'
#elif defined(__ARM_ARCH_7A__)
# define KEY '_','_','A','R','M','_','A','R','C','H','_','7','A','_','_'
#elif defined(__ARM_ARCH_7S__)
# define KEY '_','_','A','R','M','_','A','R','C','H','_','7','S','_','_'
#endif

#define SIZE (sizeof(int64))
static char info_size[] =  {'I', 'N', 'F', 'O', ':', 's','i','z','e','[',
  ('0' + ((SIZE / 10000)%10)),
  ('0' + ((SIZE / 1000)%10)),
  ('0' + ((SIZE / 100)%10)),
  ('0' + ((SIZE / 10)%10)),
  ('0' +  (SIZE    % 10)),
  ']',
#ifdef KEY
  ' ','k','e','y','[', KEY, ']',
#endif
  '\0'};

#ifdef __CLASSIC_C__
int main(argc, argv) int argc; char *argv[];
#else
int main(int argc, char *argv[])
#endif
{
  int require = 0;
  require += info_size[argc];
  (void)argv;
  return require;
}


